Using pre-set license
Built from '2022.3/staging' branch; Version is '2022.3.17f1 (4fc78088f837) revision 5228416'; Using compiler version '192829333'; Build Type 'Release'
OS: 'Windows 11  (10.0.22631) 64bit CoreSingleLanguage' Language: 'en' Physical Memory: 8060 MB
BatchMode: 1, IsHumanControllingUs: 0, StartBugReporterOnCrash: 0, Is64bit: 1, IsPro: 1

COMMAND LINE ARGUMENTS:
C:\Program Files\Unity\Hub\Editor\2022.3.17f1\Editor\Unity.exe
-adb2
-batchMode
-noUpm
-name
AssetImportWorker0
-projectPath
C:/Users/Lenovo/Documents/GitHub/Cockpit-Chaos/CockpitChaos
-logFile
Logs/AssetImportWorker0.log
-srvPort
58115
Successfully changed project path to: C:/Users/Lenovo/Documents/GitHub/Cockpit-Chaos/CockpitChaos
C:/Users/Lenovo/Documents/GitHub/Cockpit-Chaos/CockpitChaos
[UnityMemory] Configuration Parameters - Can be set up in boot.config
    "memorysetup-bucket-allocator-granularity=16"
    "memorysetup-bucket-allocator-bucket-count=8"
    "memorysetup-bucket-allocator-block-size=33554432"
    "memorysetup-bucket-allocator-block-count=8"
    "memorysetup-main-allocator-block-size=16777216"
    "memorysetup-thread-allocator-block-size=16777216"
    "memorysetup-gfx-main-allocator-block-size=16777216"
    "memorysetup-gfx-thread-allocator-block-size=16777216"
    "memorysetup-cache-allocator-block-size=4194304"
    "memorysetup-typetree-allocator-block-size=2097152"
    "memorysetup-profiler-bucket-allocator-granularity=16"
    "memorysetup-profiler-bucket-allocator-bucket-count=8"
    "memorysetup-profiler-bucket-allocator-block-size=33554432"
    "memorysetup-profiler-bucket-allocator-block-count=8"
    "memorysetup-profiler-allocator-block-size=16777216"
    "memorysetup-profiler-editor-allocator-block-size=1048576"
    "memorysetup-temp-allocator-size-main=16777216"
    "memorysetup-job-temp-allocator-block-size=2097152"
    "memorysetup-job-temp-allocator-block-size-background=1048576"
    "memorysetup-job-temp-allocator-reduction-small-platforms=262144"
    "memorysetup-allocator-temp-initial-block-size-main=262144"
    "memorysetup-allocator-temp-initial-block-size-worker=262144"
    "memorysetup-temp-allocator-size-background-worker=32768"
    "memorysetup-temp-allocator-size-job-worker=262144"
    "memorysetup-temp-allocator-size-preload-manager=33554432"
    "memorysetup-temp-allocator-size-nav-mesh-worker=65536"
    "memorysetup-temp-allocator-size-audio-worker=65536"
    "memorysetup-temp-allocator-size-cloud-worker=32768"
    "memorysetup-temp-allocator-size-gi-baking-worker=262144"
    "memorysetup-temp-allocator-size-gfx=262144"
Player connection [17184] Host "[IP] 26.184.139.101 [Port] 0 [Flags] 2 [Guid] 3275387136 [EditorId] 3275387136 [Version] 1048832 [Id] WindowsEditor(7,LAPTOP-UGBT3V1C) [Debug] 1 [PackageName] WindowsEditor [ProjectName] Editor" joined multi-casting on [225.0.0.222:54997]...

Player connection [17184] Host "[IP] 26.184.139.101 [Port] 0 [Flags] 2 [Guid] 3275387136 [EditorId] 3275387136 [Version] 1048832 [Id] WindowsEditor(7,LAPTOP-UGBT3V1C) [Debug] 1 [PackageName] WindowsEditor [ProjectName] Editor" joined alternative multi-casting on [225.0.0.222:34997]...

[Physics::Module] Initialized MultithreadedJobDispatcher with 11 workers.
Refreshing native plugins compatible for Editor in 80.15 ms, found 3 plugins.
Preloading 0 native plugins for Editor in 0.00 ms.
Initialize engine version: 2022.3.17f1 (4fc78088f837)
[Subsystems] Discovering subsystems at path C:/Program Files/Unity/Hub/Editor/2022.3.17f1/Editor/Data/Resources/UnitySubsystems
[Subsystems] Discovering subsystems at path C:/Users/Lenovo/Documents/GitHub/Cockpit-Chaos/CockpitChaos/Assets
GfxDevice: creating device client; threaded=0; jobified=0
Direct3D:
    Version:  Direct3D 11.0 [level 11.1]
    Renderer: NVIDIA GeForce GTX 1650 (ID=0x1f99)
    Vendor:   NVIDIA
    VRAM:     3962 MB
    Driver:   27.21.14.6230
Initialize mono
Mono path[0] = 'C:/Program Files/Unity/Hub/Editor/2022.3.17f1/Editor/Data/Managed'
Mono path[1] = 'C:/Program Files/Unity/Hub/Editor/2022.3.17f1/Editor/Data/MonoBleedingEdge/lib/mono/unityjit-win32'
Mono config path = 'C:/Program Files/Unity/Hub/Editor/2022.3.17f1/Editor/Data/MonoBleedingEdge/etc'
Using monoOptions --debugger-agent=transport=dt_socket,embedding=1,server=y,suspend=n,address=127.0.0.1:56624
Begin MonoManager ReloadAssembly
Registering precompiled unity dll's ...
Register platform support module: C:/Program Files/Unity/Hub/Editor/2022.3.17f1/Editor/Data/PlaybackEngines/WebGLSupport/UnityEditor.WebGL.Extensions.dll
Register platform support module: C:/Program Files/Unity/Hub/Editor/2022.3.17f1/Editor/Data/PlaybackEngines/iOSSupport/UnityEditor.iOS.Extensions.dll
Register platform support module: C:/Program Files/Unity/Hub/Editor/2022.3.17f1/Editor/Data/PlaybackEngines/WindowsStandaloneSupport/UnityEditor.WindowsStandalone.Extensions.dll
Registered in 0.010204 seconds.
- Loaded All Assemblies, in  0.461 seconds
Native extension for WindowsStandalone target not found
[usbmuxd] Start listen thread
[usbmuxd] Listen thread started
Native extension for iOS target not found
Native extension for WebGL target not found
Mono: successfully reloaded assembly
- Finished resetting the current domain, in  0.346 seconds
Domain Reload Profiling: 803ms
	BeginReloadAssembly (160ms)
		ExecutionOrderSort (0ms)
		DisableScriptedObjects (0ms)
		BackupInstance (0ms)
		ReleaseScriptingObjects (0ms)
		CreateAndSetChildDomain (1ms)
	RebuildCommonClasses (46ms)
	RebuildNativeTypeToScriptingClass (12ms)
	initialDomainReloadingComplete (74ms)
	LoadAllAssembliesAndSetupDomain (165ms)
		LoadAssemblies (159ms)
		RebuildTransferFunctionScriptingTraits (0ms)
		AnalyzeDomain (162ms)
			TypeCache.Refresh (160ms)
				TypeCache.ScanAssembly (144ms)
			ScanForSourceGeneratedMonoScriptInfo (0ms)
			ResolveRequiredComponents (1ms)
	FinalizeReload (346ms)
		ReleaseScriptCaches (0ms)
		RebuildScriptCaches (0ms)
		SetupLoadedEditorAssemblies (268ms)
			LogAssemblyErrors (0ms)
			InitializePlatformSupportModulesInManaged (49ms)
			SetLoadedEditorAssemblies (9ms)
			RefreshPlugins (0ms)
			BeforeProcessingInitializeOnLoad (4ms)
			ProcessInitializeOnLoadAttributes (156ms)
			ProcessInitializeOnLoadMethodAttributes (51ms)
			AfterProcessingInitializeOnLoad (0ms)
			EditorAssembliesLoaded (0ms)
		ExecutionOrderSort2 (0ms)
		AwakeInstancesAfterBackupRestoration (0ms)
========================================================================
Worker process is ready to serve import requests
Begin MonoManager ReloadAssembly
- Loaded All Assemblies, in  1.089 seconds
Refreshing native plugins compatible for Editor in 5.82 ms, found 3 plugins.
Native extension for WindowsStandalone target not found
Native extension for iOS target not found
Native extension for WebGL target not found
Package Manager log level set to [2]
[Package Manager] Server::EnsureServerProcessIsRunning -- launch failed, reason: Unity was launched with the -noUpm command-line argument
[Package Manager] UpmClient::Send -- Unable to send message (not connected to UPM process).
[Package Manager] Cannot connect to Unity Package Manager local server
Mono: successfully reloaded assembly
- Finished resetting the current domain, in  0.785 seconds
Domain Reload Profiling: 1871ms
	BeginReloadAssembly (219ms)
		ExecutionOrderSort (0ms)
		DisableScriptedObjects (7ms)
		BackupInstance (0ms)
		ReleaseScriptingObjects (0ms)
		CreateAndSetChildDomain (25ms)
	RebuildCommonClasses (38ms)
	RebuildNativeTypeToScriptingClass (12ms)
	initialDomainReloadingComplete (48ms)
	LoadAllAssembliesAndSetupDomain (768ms)
		LoadAssemblies (665ms)
		RebuildTransferFunctionScriptingTraits (0ms)
		AnalyzeDomain (236ms)
			TypeCache.Refresh (213ms)
				TypeCache.ScanAssembly (182ms)
			ScanForSourceGeneratedMonoScriptInfo (17ms)
			ResolveRequiredComponents (5ms)
	FinalizeReload (786ms)
		ReleaseScriptCaches (0ms)
		RebuildScriptCaches (0ms)
		SetupLoadedEditorAssemblies (590ms)
			LogAssemblyErrors (0ms)
			InitializePlatformSupportModulesInManaged (29ms)
			SetLoadedEditorAssemblies (9ms)
			RefreshPlugins (0ms)
			BeforeProcessingInitializeOnLoad (74ms)
			ProcessInitializeOnLoadAttributes (436ms)
			ProcessInitializeOnLoadMethodAttributes (31ms)
			AfterProcessingInitializeOnLoad (11ms)
			EditorAssembliesLoaded (0ms)
		ExecutionOrderSort2 (0ms)
		AwakeInstancesAfterBackupRestoration (10ms)
Launched and connected shader compiler UnityShaderCompiler.exe after 0.08 seconds
Refreshing native plugins compatible for Editor in 4.12 ms, found 3 plugins.
Preloading 0 native plugins for Editor in 0.00 ms.
Unloading 3131 Unused Serialized files (Serialized files now loaded: 0)
Unloading 32 unused Assets / (57.1 KB). Loaded Objects now: 3611.
Memory consumption went from 133.7 MB to 133.7 MB.
Total: 4.561200 ms (FindLiveObjects: 0.411300 ms CreateObjectMapping: 0.303500 ms MarkObjects: 3.687300 ms  DeleteObjects: 0.157700 ms)

AssetImportParameters requested are different than current active one (requested -> active):
  custom:container-demuxer-ogg: 62fdf1f143b41e24485cea50d1cbac27 -> 
  custom:video-codec-MediaFoundation-h265: 746d11721c4dcdbdad8f713fa42b33f4 -> 
  custom:video-decoder-ogg-theora: a1e56fd34408186e4bbccfd4996cb3dc -> 
  custom:framework-win-MediaFoundation: 216162199b28c13a410421893ffa2e32 -> 
  custom:CustomObjectIndexerAttribute: 6d391050e5a25f67b0a2c618074f2cd9 -> 
  custom:container-demuxer-webm: 4f35f7cbe854078d1ac9338744f61a02 -> 
  custom:container-muxer-webm: aa71ff27fc2769a1b78a27578f13a17b -> 
  custom:video-decoder-webm-vp8: 9c59270c3fd7afecdb556c50c9e8de78 -> 
  custom:SearchIndexIgnoredProperties: e643bd26f0fe6173181afceb89e7c659 -> 
  custom:AudioImporter_EditorPlatform: d09bf68614088b80899f8185d706f6e7 -> 
  custom:video-encoder-webm-vp8: eb34c28f22e8b96e1ab97ce403110664 -> 
  custom:audio-decoder-ogg-vorbis: bf7c407c2cedff20999df2af8eb42d56 -> 
  custom:audio-encoder-webm-vorbis: bf7c407c2cedff20999df2af8eb42d56 -> 
========================================================================
Received Import Request.
  Time since last request: 691059.213193 seconds.
  path: Assets/Customizable Skybox/Stylized Sky/Materials/Night1.mat
  artifactKey: Guid(bbe9494f815f3c340956427c884b72a0) Importer(2089858483,0ecaa5967403d082aa24f35e1b516d23)
Start importing Assets/Customizable Skybox/Stylized Sky/Materials/Night1.mat using Guid(bbe9494f815f3c340956427c884b72a0) Importer(2089858483,0ecaa5967403d082aa24f35e1b516d23) Generated GUIDs only implemented for interfaces!
 -> (artifact id: 'd8e17443cd3df1657982a44cc290c2f8') in 0.127105 seconds
Number of updated asset objects reloaded before import = 0
Number of asset objects unloaded after import = 1
========================================================================
Received Import Request.
  Time since last request: 0.000027 seconds.
  path: Assets/Standard Assets/Utility/DynamicShadowSettings.cs
  artifactKey: Guid(8566902b50d5bfb4fb7f8b89f9cdbe8b) Importer(2089858483,0ecaa5967403d082aa24f35e1b516d23)
Start importing Assets/Standard Assets/Utility/DynamicShadowSettings.cs using Guid(8566902b50d5bfb4fb7f8b89f9cdbe8b) Importer(2089858483,0ecaa5967403d082aa24f35e1b516d23) Generated GUIDs only implemented for interfaces!
 -> (artifact id: 'a0f8600327fb63c05a4f848de58fb7d3') in 0.009166 seconds
Number of updated asset objects reloaded before import = 0
Number of asset objects unloaded after import = 1
========================================================================
Received Import Request.
  Time since last request: 0.000019 seconds.
  path: Assets/Treys/Spaceships/Demo.unity
  artifactKey: Guid(f8fdbe8203760e24fa6b80c588a271c6) Importer(2089858483,0ecaa5967403d082aa24f35e1b516d23)
Start importing Assets/Treys/Spaceships/Demo.unity using Guid(f8fdbe8203760e24fa6b80c588a271c6) Importer(2089858483,0ecaa5967403d082aa24f35e1b516d23) Generated GUIDs only implemented for interfaces!
 -> (artifact id: 'bbc7a00a5e57c73dbd99de21ae7acd79') in 0.005731 seconds
Number of updated asset objects reloaded before import = 0
Number of asset objects unloaded after import = 1
========================================================================
Received Import Request.
  Time since last request: 0.000025 seconds.
  path: Assets/Customizable Skybox/Materials/pine tree green.mat
  artifactKey: Guid(471bbc61de2af0a47bd80da0aacc49dc) Importer(2089858483,0ecaa5967403d082aa24f35e1b516d23)
Start importing Assets/Customizable Skybox/Materials/pine tree green.mat using Guid(471bbc61de2af0a47bd80da0aacc49dc) Importer(2089858483,0ecaa5967403d082aa24f35e1b516d23) Generated GUIDs only implemented for interfaces!
 -> (artifact id: 'e980de6a1e6dcbe844347dd6ee500b6d') in 0.023033 seconds
Number of updated asset objects reloaded before import = 0
Number of asset objects unloaded after import = 1
========================================================================
Received Import Request.
  Time since last request: 0.000020 seconds.
  path: Assets/Standard Assets/Utility/TimedObjectDestructor.cs
  artifactKey: Guid(37fac21d1f093d344816942d1abce94e) Importer(2089858483,0ecaa5967403d082aa24f35e1b516d23)
Start importing Assets/Standard Assets/Utility/TimedObjectDestructor.cs using Guid(37fac21d1f093d344816942d1abce94e) Importer(2089858483,0ecaa5967403d082aa24f35e1b516d23) Generated GUIDs only implemented for interfaces!
 -> (artifact id: '0512692fdc4d14f5b9558a1693f0fb18') in 0.005876 seconds
Number of updated asset objects reloaded before import = 0
Number of asset objects unloaded after import = 1
========================================================================
Received Import Request.
  Time since last request: 0.000097 seconds.
  path: Assets/Standard Assets/Utility/CurveControlledBob.cs
  artifactKey: Guid(492f54f4accf00440828ffcb9e4fcc19) Importer(2089858483,0ecaa5967403d082aa24f35e1b516d23)
Start importing Assets/Standard Assets/Utility/CurveControlledBob.cs using Guid(492f54f4accf00440828ffcb9e4fcc19) Importer(2089858483,0ecaa5967403d082aa24f35e1b516d23) Generated GUIDs only implemented for interfaces!
 -> (artifact id: '46cee18e0e425ff5a7a4eedcf2cc0bfa') in 0.006099 seconds
Number of updated asset objects reloaded before import = 0
Number of asset objects unloaded after import = 1
========================================================================
Received Import Request.
  Time since last request: 0.000014 seconds.
  path: Assets/Customizable Skybox/Materials/earth.mat
  artifactKey: Guid(ef6223db6cd2fd94481bcb5ce352cc30) Importer(2089858483,0ecaa5967403d082aa24f35e1b516d23)
Start importing Assets/Customizable Skybox/Materials/earth.mat using Guid(ef6223db6cd2fd94481bcb5ce352cc30) Importer(2089858483,0ecaa5967403d082aa24f35e1b516d23) Generated GUIDs only implemented for interfaces!
 -> (artifact id: 'ab4a86b076fd906bc3baca8d1bcce952') in 0.010192 seconds
Number of updated asset objects reloaded before import = 0
Number of asset objects unloaded after import = 1
========================================================================
Received Import Request.
  Time since last request: 0.000028 seconds.
  path: Assets/Standard Assets/Utility/FPSCounter.cs
  artifactKey: Guid(22bbf57ec543cee42a5aa0ec2dd9e457) Importer(2089858483,0ecaa5967403d082aa24f35e1b516d23)
Start importing Assets/Standard Assets/Utility/FPSCounter.cs using Guid(22bbf57ec543cee42a5aa0ec2dd9e457) Importer(2089858483,0ecaa5967403d082aa24f35e1b516d23) Generated GUIDs only implemented for interfaces!
 -> (artifact id: 'b1b09ba1d427089053d46a448d9d9218') in 0.007155 seconds
Number of updated asset objects reloaded before import = 0
Number of asset objects unloaded after import = 1
========================================================================
Received Import Request.
  Time since last request: 0.000034 seconds.
  path: Assets/Customizable Skybox/Stylized Sky/Materials/Day6.mat
  artifactKey: Guid(bbbcd551076325545ba102ba8c308520) Importer(2089858483,0ecaa5967403d082aa24f35e1b516d23)
Start importing Assets/Customizable Skybox/Stylized Sky/Materials/Day6.mat using Guid(bbbcd551076325545ba102ba8c308520) Importer(2089858483,0ecaa5967403d082aa24f35e1b516d23) Generated GUIDs only implemented for interfaces!
 -> (artifact id: 'ca66bae9f56b3b1f9ebbd3010fceafe8') in 0.011366 seconds
Number of updated asset objects reloaded before import = 0
Number of asset objects unloaded after import = 1
========================================================================
Received Import Request.
  Time since last request: 0.000019 seconds.
  path: Assets/Customizable Skybox/Stylized Sky/Materials/Day7.mat
  artifactKey: Guid(ddbcbb3899687ea469ed4a5fce1532df) Importer(2089858483,0ecaa5967403d082aa24f35e1b516d23)
Start importing Assets/Customizable Skybox/Stylized Sky/Materials/Day7.mat using Guid(ddbcbb3899687ea469ed4a5fce1532df) Importer(2089858483,0ecaa5967403d082aa24f35e1b516d23) Generated GUIDs only implemented for interfaces!
 -> (artifact id: 'd6ca751a46310039c529c301226675f7') in 0.011707 seconds
Number of updated asset objects reloaded before import = 0
Number of asset objects unloaded after import = 1
========================================================================
Received Import Request.
  Time since last request: 0.000018 seconds.
  path: Assets/Customizable Skybox/Materials/trunk.mat
  artifactKey: Guid(08c4b67273e724941900639ca93caabc) Importer(2089858483,0ecaa5967403d082aa24f35e1b516d23)
Start importing Assets/Customizable Skybox/Materials/trunk.mat using Guid(08c4b67273e724941900639ca93caabc) Importer(2089858483,0ecaa5967403d082aa24f35e1b516d23) Generated GUIDs only implemented for interfaces!
 -> (artifact id: '846da08e90a8021a6b363e1198371b86') in 0.010526 seconds
Number of updated asset objects reloaded before import = 0
Number of asset objects unloaded after import = 1
========================================================================
Received Import Request.
  Time since last request: 0.000023 seconds.
  path: Assets/Customizable Skybox/Materials/Material.003.mat
  artifactKey: Guid(a4b1c9205184ab7479ebcb6d01e9bdaa) Importer(2089858483,0ecaa5967403d082aa24f35e1b516d23)
Start importing Assets/Customizable Skybox/Materials/Material.003.mat using Guid(a4b1c9205184ab7479ebcb6d01e9bdaa) Importer(2089858483,0ecaa5967403d082aa24f35e1b516d23) Generated GUIDs only implemented for interfaces!
 -> (artifact id: 'e83a66372ccb4ab5c52af5892ff22d62') in 0.008896 seconds
Number of updated asset objects reloaded before import = 0
Number of asset objects unloaded after import = 1
========================================================================
Received Import Request.
  Time since last request: 0.000024 seconds.
  path: Assets/Customizable Skybox/Stylized Sky/Materials/Night4.mat
  artifactKey: Guid(ed1387202b1349540a5d6464f0f27488) Importer(2089858483,0ecaa5967403d082aa24f35e1b516d23)
Start importing Assets/Customizable Skybox/Stylized Sky/Materials/Night4.mat using Guid(ed1387202b1349540a5d6464f0f27488) Importer(2089858483,0ecaa5967403d082aa24f35e1b516d23) Generated GUIDs only implemented for interfaces!
 -> (artifact id: '0926520c00562f4bcd271309f6eb5ead') in 0.014737 seconds
Number of updated asset objects reloaded before import = 0
Number of asset objects unloaded after import = 1
========================================================================
Received Import Request.
  Time since last request: 0.000015 seconds.
  path: Assets/Customizable Skybox/Model/Materials/No Name.mat
  artifactKey: Guid(9fe81213c48f6e944a8a30f76f30a9c7) Importer(2089858483,0ecaa5967403d082aa24f35e1b516d23)
Start importing Assets/Customizable Skybox/Model/Materials/No Name.mat using Guid(9fe81213c48f6e944a8a30f76f30a9c7) Importer(2089858483,0ecaa5967403d082aa24f35e1b516d23) Generated GUIDs only implemented for interfaces!
 -> (artifact id: 'd96b9bbc079a68f974f2624ad1fb044b') in 0.007683 seconds
Number of updated asset objects reloaded before import = 0
Number of asset objects unloaded after import = 1
========================================================================
Received Import Request.
  Time since last request: 0.000021 seconds.
  path: Assets/Customizable Skybox/Stylized Sky/Materials/Morning4.mat
  artifactKey: Guid(c7a8e24b01cf73e4bad6eb3cb7d40acc) Importer(2089858483,0ecaa5967403d082aa24f35e1b516d23)
Start importing Assets/Customizable Skybox/Stylized Sky/Materials/Morning4.mat using Guid(c7a8e24b01cf73e4bad6eb3cb7d40acc) Importer(2089858483,0ecaa5967403d082aa24f35e1b516d23) Generated GUIDs only implemented for interfaces!
 -> (artifact id: '5714ce8a2d9d133c67f5e54d4a4b8ae3') in 0.007694 seconds
Number of updated asset objects reloaded before import = 0
Number of asset objects unloaded after import = 1
========================================================================
Received Import Request.
  Time since last request: 0.000018 seconds.
  path: Assets/Standard Assets/Utility/ForcedReset.cs
  artifactKey: Guid(9b886447cba80f74e820adb3c9e70c76) Importer(2089858483,0ecaa5967403d082aa24f35e1b516d23)
Start importing Assets/Standard Assets/Utility/ForcedReset.cs using Guid(9b886447cba80f74e820adb3c9e70c76) Importer(2089858483,0ecaa5967403d082aa24f35e1b516d23) Generated GUIDs only implemented for interfaces!
 -> (artifact id: 'c4e3fbc587d862f6447c715d5188500e') in 0.009253 seconds
Number of updated asset objects reloaded before import = 0
Number of asset objects unloaded after import = 1
========================================================================
Received Import Request.
  Time since last request: 0.000014 seconds.
  path: Assets/Standard Assets/CrossPlatformInput/Prefabs/DualTouchControls.prefab
  artifactKey: Guid(2169821f0567671499a5c10104c69c24) Importer(2089858483,0ecaa5967403d082aa24f35e1b516d23)
Start importing Assets/Standard Assets/CrossPlatformInput/Prefabs/DualTouchControls.prefab using Guid(2169821f0567671499a5c10104c69c24) Importer(2089858483,0ecaa5967403d082aa24f35e1b516d23) Generated GUIDs only implemented for interfaces!
 -> (artifact id: 'b4cd8c9c3467e2984a74b6f70cb56a28') in 0.084285 seconds
Number of updated asset objects reloaded before import = 0
Number of asset objects unloaded after import = 41
========================================================================
Received Import Request.
  Time since last request: 0.000024 seconds.
  path: Assets/Player.cs
  artifactKey: Guid(122443df9d789e74eb431efebb5df83c) Importer(2089858483,0ecaa5967403d082aa24f35e1b516d23)
Start importing Assets/Player.cs using Guid(122443df9d789e74eb431efebb5df83c) Importer(2089858483,0ecaa5967403d082aa24f35e1b516d23) Generated GUIDs only implemented for interfaces!
 -> (artifact id: '982ff26c91a7b170aa1ef7910bd499e5') in 0.006786 seconds
Number of updated asset objects reloaded before import = 0
Number of asset objects unloaded after import = 1
========================================================================
Received Import Request.
  Time since last request: 0.000036 seconds.
  path: Assets/Standard Assets/Utility/AutoMobileShaderSwitch.cs
  artifactKey: Guid(9c4978ff6447f9040b84acc89b0bbdc8) Importer(2089858483,0ecaa5967403d082aa24f35e1b516d23)
Start importing Assets/Standard Assets/Utility/AutoMobileShaderSwitch.cs using Guid(9c4978ff6447f9040b84acc89b0bbdc8) Importer(2089858483,0ecaa5967403d082aa24f35e1b516d23) Generated GUIDs only implemented for interfaces!
 -> (artifact id: '829157e0507103ca2f09fbd80a0ac8b0') in 0.006632 seconds
Number of updated asset objects reloaded before import = 0
Number of asset objects unloaded after import = 1
========================================================================
Received Import Request.
  Time since last request: 0.000022 seconds.
  path: Assets/Standard Assets/Utility/ActivateTrigger.cs
  artifactKey: Guid(c8634e062924929664361c08745211fb) Importer(2089858483,0ecaa5967403d082aa24f35e1b516d23)
Start importing Assets/Standard Assets/Utility/ActivateTrigger.cs using Guid(c8634e062924929664361c08745211fb) Importer(2089858483,0ecaa5967403d082aa24f35e1b516d23) Generated GUIDs only implemented for interfaces!
 -> (artifact id: '2f8a5936c0d03d7186c1e63e2a7418a3') in 0.007467 seconds
Number of updated asset objects reloaded before import = 0
Number of asset objects unloaded after import = 1
========================================================================
Received Import Request.
  Time since last request: 0.000027 seconds.
  path: Assets/Standard Assets/CrossPlatformInput/Scripts/TiltInput.cs
  artifactKey: Guid(5c2d84226fbbaf94e9c1451f1c39b06a) Importer(2089858483,0ecaa5967403d082aa24f35e1b516d23)
Start importing Assets/Standard Assets/CrossPlatformInput/Scripts/TiltInput.cs using Guid(5c2d84226fbbaf94e9c1451f1c39b06a) Importer(2089858483,0ecaa5967403d082aa24f35e1b516d23) Generated GUIDs only implemented for interfaces!
 -> (artifact id: 'f2dab4768c8845eae6c47adb39865b86') in 0.007578 seconds
Number of updated asset objects reloaded before import = 0
Number of asset objects unloaded after import = 1
========================================================================
Received Import Request.
  Time since last request: 0.000033 seconds.
  path: Assets/Standard Assets/CrossPlatformInput/Scripts/Joystick.cs
  artifactKey: Guid(00c3c865782347f41b6358d9fba14b48) Importer(2089858483,0ecaa5967403d082aa24f35e1b516d23)
Start importing Assets/Standard Assets/CrossPlatformInput/Scripts/Joystick.cs using Guid(00c3c865782347f41b6358d9fba14b48) Importer(2089858483,0ecaa5967403d082aa24f35e1b516d23) Generated GUIDs only implemented for interfaces!
 -> (artifact id: '170f597e7cc4c1c27a61bc1641e1748e') in 0.005774 seconds
Number of updated asset objects reloaded before import = 0
Number of asset objects unloaded after import = 1
========================================================================
Received Import Request.
  Time since last request: 0.000016 seconds.
  path: Assets/Customizable Skybox/Model/Materials/dark trunk.mat
  artifactKey: Guid(b50f1c4e199dc3b47b56b0880d757857) Importer(2089858483,0ecaa5967403d082aa24f35e1b516d23)
Start importing Assets/Customizable Skybox/Model/Materials/dark trunk.mat using Guid(b50f1c4e199dc3b47b56b0880d757857) Importer(2089858483,0ecaa5967403d082aa24f35e1b516d23) Generated GUIDs only implemented for interfaces!
 -> (artifact id: '727bda9a1de21c1efc781830ffbe6ccd') in 0.012839 seconds
Number of updated asset objects reloaded before import = 0
Number of asset objects unloaded after import = 1
========================================================================
Received Import Request.
  Time since last request: 0.000019 seconds.
  path: Assets/Sound/orchestral intro/orchestral intro.mp3
  artifactKey: Guid(5c8bf924ed0f29f488d5537ea9045f6c) Importer(2089858483,0ecaa5967403d082aa24f35e1b516d23)
Start importing Assets/Sound/orchestral intro/orchestral intro.mp3 using Guid(5c8bf924ed0f29f488d5537ea9045f6c) Importer(2089858483,0ecaa5967403d082aa24f35e1b516d23) Generated GUIDs only implemented for interfaces!
 -> (artifact id: 'b82f5a3c1fb3f48c2d173efb7e109063') in 0.104385 seconds
Number of updated asset objects reloaded before import = 0
Number of asset objects unloaded after import = 1
========================================================================
Received Import Request.
  Time since last request: 0.000080 seconds.
  path: Assets/Standard Assets/CrossPlatformInput/Prefabs/MobileTiltControlRig.prefab
  artifactKey: Guid(999388b68bb99b44099461bfbed94358) Importer(2089858483,0ecaa5967403d082aa24f35e1b516d23)
Start importing Assets/Standard Assets/CrossPlatformInput/Prefabs/MobileTiltControlRig.prefab using Guid(999388b68bb99b44099461bfbed94358) Importer(2089858483,0ecaa5967403d082aa24f35e1b516d23) Generated GUIDs only implemented for interfaces!
 -> (artifact id: '5b3dee74fbd96bba2302824da7062c0f') in 0.012830 seconds
Number of updated asset objects reloaded before import = 0
Number of asset objects unloaded after import = 11
========================================================================
Received Import Request.
  Time since last request: 0.000021 seconds.
  path: Assets/Standard Assets/CrossPlatformInput/Sprites/ButtonAcceleratorOverSprite.png
  artifactKey: Guid(eb5f6e2757c821940b69cf1456f7865a) Importer(2089858483,0ecaa5967403d082aa24f35e1b516d23)
Start importing Assets/Standard Assets/CrossPlatformInput/Sprites/ButtonAcceleratorOverSprite.png using Guid(eb5f6e2757c821940b69cf1456f7865a) Importer(2089858483,0ecaa5967403d082aa24f35e1b516d23) Generated GUIDs only implemented for interfaces!
 -> (artifact id: '42b310cf5c65f7ffa43a6e2ebf360e1b') in 0.068611 seconds
Number of updated asset objects reloaded before import = 0
Number of asset objects unloaded after import = 3
========================================================================
Received Import Request.
  Time since last request: 0.000025 seconds.
  path: Assets/Treys/Spaceships/Meshes/3.2.fbx
  artifactKey: Guid(cb525f6b08595e34d80affe26836c178) Importer(2089858483,0ecaa5967403d082aa24f35e1b516d23)
Start importing Assets/Treys/Spaceships/Meshes/3.2.fbx using Guid(cb525f6b08595e34d80affe26836c178) Importer(2089858483,0ecaa5967403d082aa24f35e1b516d23) Generated GUIDs only implemented for interfaces!
 -> (artifact id: '642bec12492e5c44095460bf905c7532') in 0.040613 seconds
Number of updated asset objects reloaded before import = 0
Number of asset objects unloaded after import = 8
========================================================================
Received Import Request.
  Time since last request: 0.000021 seconds.
  path: Assets/Treys/Spaceships/Meshes/12.3.fbx
  artifactKey: Guid(5fe8d30668de6054898d3b4eeccd87a5) Importer(2089858483,0ecaa5967403d082aa24f35e1b516d23)
Start importing Assets/Treys/Spaceships/Meshes/12.3.fbx using Guid(5fe8d30668de6054898d3b4eeccd87a5) Importer(2089858483,0ecaa5967403d082aa24f35e1b516d23) Generated GUIDs only implemented for interfaces!
 -> (artifact id: '730cf0d60314ecbb2220380166e81389') in 0.026570 seconds
Number of updated asset objects reloaded before import = 0
Number of asset objects unloaded after import = 8
========================================================================
Received Import Request.
  Time since last request: 0.000016 seconds.
  path: Assets/Treys/Spaceships/Meshes/4.3.fbx
  artifactKey: Guid(853369434adc60e47ab27ecbeac2bd10) Importer(2089858483,0ecaa5967403d082aa24f35e1b516d23)
Start importing Assets/Treys/Spaceships/Meshes/4.3.fbx using Guid(853369434adc60e47ab27ecbeac2bd10) Importer(2089858483,0ecaa5967403d082aa24f35e1b516d23) Generated GUIDs only implemented for interfaces!
 -> (artifact id: '4904f5ba2766b26c954dc9b549a2c3f9') in 0.024294 seconds
Number of updated asset objects reloaded before import = 0
Number of asset objects unloaded after import = 8
========================================================================
Received Import Request.
  Time since last request: 0.000017 seconds.
  path: Assets/Treys/Spaceships/Meshes/6.1.fbx
  artifactKey: Guid(90e2b7d795f813f44b4001b2d7a3d3dd) Importer(2089858483,0ecaa5967403d082aa24f35e1b516d23)
Start importing Assets/Treys/Spaceships/Meshes/6.1.fbx using Guid(90e2b7d795f813f44b4001b2d7a3d3dd) Importer(2089858483,0ecaa5967403d082aa24f35e1b516d23) Generated GUIDs only implemented for interfaces!
 -> (artifact id: 'ff924bcc9293a4dee4e5c05967d8e963') in 0.026363 seconds
Number of updated asset objects reloaded before import = 0
Number of asset objects unloaded after import = 8
========================================================================
Received Import Request.
  Time since last request: 0.000018 seconds.
  path: Assets/Treys/Spaceships/Meshes/5.5.fbx
  artifactKey: Guid(62eeeb40ca6bfe8459165a30566ccc04) Importer(2089858483,0ecaa5967403d082aa24f35e1b516d23)
Start importing Assets/Treys/Spaceships/Meshes/5.5.fbx using Guid(62eeeb40ca6bfe8459165a30566ccc04) Importer(2089858483,0ecaa5967403d082aa24f35e1b516d23) Generated GUIDs only implemented for interfaces!
 -> (artifact id: 'da58a53eaac2a72a6adbd672de58789b') in 0.024947 seconds
Number of updated asset objects reloaded before import = 0
Number of asset objects unloaded after import = 8
========================================================================
Received Import Request.
  Time since last request: 0.000017 seconds.
  path: Assets/Standard Assets/Utility/Prefabs/FramerateCounter.prefab
  artifactKey: Guid(81154777d5417884981849c5243f6c01) Importer(2089858483,0ecaa5967403d082aa24f35e1b516d23)
Start importing Assets/Standard Assets/Utility/Prefabs/FramerateCounter.prefab using Guid(81154777d5417884981849c5243f6c01) Importer(2089858483,0ecaa5967403d082aa24f35e1b516d23) Generated GUIDs only implemented for interfaces!
 -> (artifact id: '3867117c44118603a7d912b2d93a9c3e') in 0.023463 seconds
Number of updated asset objects reloaded before import = 0
Number of asset objects unloaded after import = 14
========================================================================
Received Import Request.
  Time since last request: 0.000029 seconds.
  path: Assets/Treys/Spaceships/Meshes/1.5.fbx
  artifactKey: Guid(36f03cd9c9a8a38478e95876c7c4bf6e) Importer(2089858483,0ecaa5967403d082aa24f35e1b516d23)
Start importing Assets/Treys/Spaceships/Meshes/1.5.fbx using Guid(36f03cd9c9a8a38478e95876c7c4bf6e) Importer(2089858483,0ecaa5967403d082aa24f35e1b516d23) Generated GUIDs only implemented for interfaces!
 -> (artifact id: 'd477ded787b0522b8fc73ed21ea381b9') in 0.026915 seconds
Number of updated asset objects reloaded before import = 0
Number of asset objects unloaded after import = 8
========================================================================
Received Import Request.
  Time since last request: 0.000079 seconds.
  path: Assets/Treys/Spaceships/Meshes/3.4.fbx
  artifactKey: Guid(8c968ac718a44a14ebba3b5a1cc9de70) Importer(2089858483,0ecaa5967403d082aa24f35e1b516d23)
Start importing Assets/Treys/Spaceships/Meshes/3.4.fbx using Guid(8c968ac718a44a14ebba3b5a1cc9de70) Importer(2089858483,0ecaa5967403d082aa24f35e1b516d23) Generated GUIDs only implemented for interfaces!
 -> (artifact id: 'c9bd4dbd39aac4a3ace7297edd6cc49a') in 0.023513 seconds
Number of updated asset objects reloaded before import = 0
Number of asset objects unloaded after import = 8
========================================================================
Received Import Request.
  Time since last request: 0.000017 seconds.
  path: Assets/Standard Assets/CrossPlatformInput/Sprites/SliderHandleSprite.png
  artifactKey: Guid(0626b924325d1c34cafa6b22297f4e4f) Importer(2089858483,0ecaa5967403d082aa24f35e1b516d23)
Start importing Assets/Standard Assets/CrossPlatformInput/Sprites/SliderHandleSprite.png using Guid(0626b924325d1c34cafa6b22297f4e4f) Importer(2089858483,0ecaa5967403d082aa24f35e1b516d23) Generated GUIDs only implemented for interfaces!
 -> (artifact id: '976fb0978bb6d9a3c3114e8ccea3ed87') in 0.032792 seconds
Number of updated asset objects reloaded before import = 0
Number of asset objects unloaded after import = 3
========================================================================
Received Import Request.
  Time since last request: 0.000022 seconds.
  path: Assets/Treys/Spaceships/Meshes/11.4.fbx
  artifactKey: Guid(821714276b9a0e741a608483c64be851) Importer(2089858483,0ecaa5967403d082aa24f35e1b516d23)
Start importing Assets/Treys/Spaceships/Meshes/11.4.fbx using Guid(821714276b9a0e741a608483c64be851) Importer(2089858483,0ecaa5967403d082aa24f35e1b516d23) Generated GUIDs only implemented for interfaces!
 -> (artifact id: '33635170a0b31017d4e97abff475b4c2') in 0.025889 seconds
Number of updated asset objects reloaded before import = 0
Number of asset objects unloaded after import = 8
========================================================================
Received Import Request.
  Time since last request: 0.000055 seconds.
  path: Assets/Standard Assets/CrossPlatformInput/Sprites/ButtonThumbstickOverSprite.png
  artifactKey: Guid(5485e2f56028a3c4cb54f5caa167377e) Importer(2089858483,0ecaa5967403d082aa24f35e1b516d23)
Start importing Assets/Standard Assets/CrossPlatformInput/Sprites/ButtonThumbstickOverSprite.png using Guid(5485e2f56028a3c4cb54f5caa167377e) Importer(2089858483,0ecaa5967403d082aa24f35e1b516d23) Generated GUIDs only implemented for interfaces!
 -> (artifact id: '40f7bf58edac5e6e10268a546c0eb7fc') in 0.031727 seconds
Number of updated asset objects reloaded before import = 0
Number of asset objects unloaded after import = 3
========================================================================
Received Import Request.
  Time since last request: 0.000023 seconds.
  path: Assets/Treys/Spaceships/Meshes/10.3.fbx
  artifactKey: Guid(de9a5a380720deb418ae23186395db21) Importer(2089858483,0ecaa5967403d082aa24f35e1b516d23)
Start importing Assets/Treys/Spaceships/Meshes/10.3.fbx using Guid(de9a5a380720deb418ae23186395db21) Importer(2089858483,0ecaa5967403d082aa24f35e1b516d23) Generated GUIDs only implemented for interfaces!
 -> (artifact id: 'f25465e4789debcac574154d6b5decae') in 0.031976 seconds
Number of updated asset objects reloaded before import = 0
Number of asset objects unloaded after import = 8
========================================================================
Received Import Request.
  Time since last request: 0.000020 seconds.
  path: Assets/Treys/Spaceships/Meshes/11.3.fbx
  artifactKey: Guid(097edf92a537a3e4b8c0b7384852a9ca) Importer(2089858483,0ecaa5967403d082aa24f35e1b516d23)
Start importing Assets/Treys/Spaceships/Meshes/11.3.fbx using Guid(097edf92a537a3e4b8c0b7384852a9ca) Importer(2089858483,0ecaa5967403d082aa24f35e1b516d23) Generated GUIDs only implemented for interfaces!
 -> (artifact id: '5f8ca4f7dc10aacf45ece78df103ed95') in 0.023432 seconds
Number of updated asset objects reloaded before import = 0
Number of asset objects unloaded after import = 8
========================================================================
Received Import Request.
  Time since last request: 0.000019 seconds.
  path: Assets/Treys/Spaceships/Meshes/3.3.fbx
  artifactKey: Guid(329fa5d7816ca8345b749d082d2918c2) Importer(2089858483,0ecaa5967403d082aa24f35e1b516d23)
Start importing Assets/Treys/Spaceships/Meshes/3.3.fbx using Guid(329fa5d7816ca8345b749d082d2918c2) Importer(2089858483,0ecaa5967403d082aa24f35e1b516d23) Generated GUIDs only implemented for interfaces!
 -> (artifact id: '912f3b607d282a8615baf2de806f541e') in 0.025104 seconds
Number of updated asset objects reloaded before import = 0
Number of asset objects unloaded after import = 8
========================================================================
Received Import Request.
  Time since last request: 0.000022 seconds.
  path: Assets/Treys/Spaceships/Meshes/2.1.fbx
  artifactKey: Guid(4ebfda7f71102f0448881548a80d9a50) Importer(2089858483,0ecaa5967403d082aa24f35e1b516d23)
Start importing Assets/Treys/Spaceships/Meshes/2.1.fbx using Guid(4ebfda7f71102f0448881548a80d9a50) Importer(2089858483,0ecaa5967403d082aa24f35e1b516d23) Generated GUIDs only implemented for interfaces!
 -> (artifact id: '541141fdec1f6e6d0e65d257a8374ccf') in 0.028571 seconds
Number of updated asset objects reloaded before import = 0
Number of asset objects unloaded after import = 8
========================================================================
Received Import Request.
  Time since last request: 0.000045 seconds.
  path: Assets/Standard Assets/Fonts/OpenSans/OpenSansSemibold.ttf
  artifactKey: Guid(01cd679a1b9ee48bf9c546f6ce2cb97e) Importer(2089858483,0ecaa5967403d082aa24f35e1b516d23)
Start importing Assets/Standard Assets/Fonts/OpenSans/OpenSansSemibold.ttf using Guid(01cd679a1b9ee48bf9c546f6ce2cb97e) Importer(2089858483,0ecaa5967403d082aa24f35e1b516d23) Generated GUIDs only implemented for interfaces!
 -> (artifact id: 'b12a83f7aebead4b4613f1d4c533aca6') in 0.018653 seconds
Number of updated asset objects reloaded before import = 0
Number of asset objects unloaded after import = 3
========================================================================
Received Import Request.
  Time since last request: 0.000015 seconds.
  path: Assets/Standard Assets/CrossPlatformInput/Sprites/ButtonThumbstickUpSprite.png
  artifactKey: Guid(9866a92691696b346901281f2b329034) Importer(2089858483,0ecaa5967403d082aa24f35e1b516d23)
Start importing Assets/Standard Assets/CrossPlatformInput/Sprites/ButtonThumbstickUpSprite.png using Guid(9866a92691696b346901281f2b329034) Importer(2089858483,0ecaa5967403d082aa24f35e1b516d23) Generated GUIDs only implemented for interfaces!
 -> (artifact id: 'e04a63c9470826e699d463b155a26efb') in 0.031313 seconds
Number of updated asset objects reloaded before import = 0
Number of asset objects unloaded after import = 3
========================================================================
Received Import Request.
  Time since last request: 0.000023 seconds.
  path: Assets/Treys/Spaceships/Meshes/4.4.fbx
  artifactKey: Guid(5322c5652e91874478d1dfe14b15036f) Importer(2089858483,0ecaa5967403d082aa24f35e1b516d23)
Start importing Assets/Treys/Spaceships/Meshes/4.4.fbx using Guid(5322c5652e91874478d1dfe14b15036f) Importer(2089858483,0ecaa5967403d082aa24f35e1b516d23) Generated GUIDs only implemented for interfaces!
 -> (artifact id: 'e7b69ba1499d19cc4ac6891425c83879') in 0.021660 seconds
Number of updated asset objects reloaded before import = 0
Number of asset objects unloaded after import = 8
========================================================================
Received Import Request.
  Time since last request: 0.000023 seconds.
  path: Assets/Treys/Spaceships/Prefabs/10.3.prefab
  artifactKey: Guid(49e7685687bdfe5439ccc63b03546fe9) Importer(2089858483,0ecaa5967403d082aa24f35e1b516d23)
Start importing Assets/Treys/Spaceships/Prefabs/10.3.prefab using Guid(49e7685687bdfe5439ccc63b03546fe9) Importer(2089858483,0ecaa5967403d082aa24f35e1b516d23) Generated GUIDs only implemented for interfaces!
 -> (artifact id: '8e5b6ee26b2b6a87307f58cb98cd9947') in 0.011500 seconds
Number of updated asset objects reloaded before import = 0
Number of asset objects unloaded after import = 8
========================================================================
Received Import Request.
  Time since last request: 0.000023 seconds.
  path: Assets/Treys/Spaceships/Prefabs/12.2.prefab
  artifactKey: Guid(e215d4550353d0948be4d3f890efed0e) Importer(2089858483,0ecaa5967403d082aa24f35e1b516d23)
Start importing Assets/Treys/Spaceships/Prefabs/12.2.prefab using Guid(e215d4550353d0948be4d3f890efed0e) Importer(2089858483,0ecaa5967403d082aa24f35e1b516d23) Generated GUIDs only implemented for interfaces!
 -> (artifact id: 'abfea2466e18641f5aa6d2ed356dadc7') in 0.014367 seconds
Number of updated asset objects reloaded before import = 0
Number of asset objects unloaded after import = 8
========================================================================
Received Import Request.
  Time since last request: 0.000017 seconds.
  path: Assets/Treys/Spaceships/Prefabs/6.1.prefab
  artifactKey: Guid(a672ad5b71c8cc44ca985cfc35b6dbaf) Importer(2089858483,0ecaa5967403d082aa24f35e1b516d23)
Start importing Assets/Treys/Spaceships/Prefabs/6.1.prefab using Guid(a672ad5b71c8cc44ca985cfc35b6dbaf) Importer(2089858483,0ecaa5967403d082aa24f35e1b516d23) Generated GUIDs only implemented for interfaces!
 -> (artifact id: '7e95c73d5f0f36cd5a30783e0a54ddd3') in 0.013041 seconds
Number of updated asset objects reloaded before import = 0
Number of asset objects unloaded after import = 8
========================================================================
Received Import Request.
  Time since last request: 0.000061 seconds.
  path: Assets/Treys/Spaceships/Prefabs/5.2.prefab
  artifactKey: Guid(a761ba83e62bf8a4aa3c0efa6f61e22d) Importer(2089858483,0ecaa5967403d082aa24f35e1b516d23)
Start importing Assets/Treys/Spaceships/Prefabs/5.2.prefab using Guid(a761ba83e62bf8a4aa3c0efa6f61e22d) Importer(2089858483,0ecaa5967403d082aa24f35e1b516d23) Generated GUIDs only implemented for interfaces!
 -> (artifact id: 'fc7ad5b406da6974a51e0aed75243565') in 0.012715 seconds
Number of updated asset objects reloaded before import = 0
Number of asset objects unloaded after import = 8
========================================================================
Received Import Request.
  Time since last request: 0.000031 seconds.
  path: Assets/Treys/Spaceships/Prefabs/12.1.prefab
  artifactKey: Guid(3c74431e6d08b7243827e4b9d320fa7e) Importer(2089858483,0ecaa5967403d082aa24f35e1b516d23)
Start importing Assets/Treys/Spaceships/Prefabs/12.1.prefab using Guid(3c74431e6d08b7243827e4b9d320fa7e) Importer(2089858483,0ecaa5967403d082aa24f35e1b516d23) Generated GUIDs only implemented for interfaces!
 -> (artifact id: '0b9add8caee15c75842c7172753376ee') in 0.017040 seconds
Number of updated asset objects reloaded before import = 0
Number of asset objects unloaded after import = 8
========================================================================
Received Import Request.
  Time since last request: 0.000021 seconds.
  path: Assets/Treys/Spaceships/Prefabs/11.2.prefab
  artifactKey: Guid(de81c4cc4a723254cba1427028cca900) Importer(2089858483,0ecaa5967403d082aa24f35e1b516d23)
Start importing Assets/Treys/Spaceships/Prefabs/11.2.prefab using Guid(de81c4cc4a723254cba1427028cca900) Importer(2089858483,0ecaa5967403d082aa24f35e1b516d23) Generated GUIDs only implemented for interfaces!
 -> (artifact id: '17f9bd674f2da7a6b625c232724bb7a7') in 0.015489 seconds
Number of updated asset objects reloaded before import = 0
Number of asset objects unloaded after import = 8
========================================================================
Received Import Request.
  Time since last request: 0.000015 seconds.
  path: Assets/Treys/Spaceships/Prefabs/11.1.prefab
  artifactKey: Guid(7b1193876daceb3438726c4a3adee451) Importer(2089858483,0ecaa5967403d082aa24f35e1b516d23)
Start importing Assets/Treys/Spaceships/Prefabs/11.1.prefab using Guid(7b1193876daceb3438726c4a3adee451) Importer(2089858483,0ecaa5967403d082aa24f35e1b516d23) Generated GUIDs only implemented for interfaces!
 -> (artifact id: '31fee19cbc7d921c06610312735e12e3') in 0.017672 seconds
Number of updated asset objects reloaded before import = 0
Number of asset objects unloaded after import = 8
========================================================================
Received Import Request.
  Time since last request: 0.000096 seconds.
  path: Assets/Treys/Spaceships/Prefabs/11.5.prefab
  artifactKey: Guid(b84194ea03853054d8eb2ef411d8899e) Importer(2089858483,0ecaa5967403d082aa24f35e1b516d23)
Start importing Assets/Treys/Spaceships/Prefabs/11.5.prefab using Guid(b84194ea03853054d8eb2ef411d8899e) Importer(2089858483,0ecaa5967403d082aa24f35e1b516d23) Generated GUIDs only implemented for interfaces!
 -> (artifact id: '105f18ce3162bfd08629e45159c436c6') in 0.011904 seconds
Number of updated asset objects reloaded before import = 0
Number of asset objects unloaded after import = 8
========================================================================
Received Import Request.
  Time since last request: 0.000019 seconds.
  path: Assets/Treys/Spaceships/Prefabs/10.2.prefab
  artifactKey: Guid(35614d4c95c3f45438fb17a79ef8a73f) Importer(2089858483,0ecaa5967403d082aa24f35e1b516d23)
Start importing Assets/Treys/Spaceships/Prefabs/10.2.prefab using Guid(35614d4c95c3f45438fb17a79ef8a73f) Importer(2089858483,0ecaa5967403d082aa24f35e1b516d23) Generated GUIDs only implemented for interfaces!
 -> (artifact id: 'afb7ac2d8495b96bd2c393789c65b66c') in 0.019569 seconds
Number of updated asset objects reloaded before import = 0
Number of asset objects unloaded after import = 8
========================================================================
Received Import Request.
  Time since last request: 0.000087 seconds.
  path: Assets/Treys/Spaceships/Meshes/9.5.fbx
  artifactKey: Guid(8e16f8aa62241e845abbbe43c12c21d5) Importer(2089858483,0ecaa5967403d082aa24f35e1b516d23)
Start importing Assets/Treys/Spaceships/Meshes/9.5.fbx using Guid(8e16f8aa62241e845abbbe43c12c21d5) Importer(2089858483,0ecaa5967403d082aa24f35e1b516d23) Generated GUIDs only implemented for interfaces!
 -> (artifact id: 'fa38e1ec7ece838e7b8017e1dd0481dd') in 0.029056 seconds
Number of updated asset objects reloaded before import = 0
Number of asset objects unloaded after import = 8
========================================================================
Received Import Request.
  Time since last request: 0.000106 seconds.
  path: Assets/Treys/Spaceships/Prefabs/12.3.prefab
  artifactKey: Guid(3376ecc940ab6e548a76a56a5b6c48ce) Importer(2089858483,0ecaa5967403d082aa24f35e1b516d23)
Start importing Assets/Treys/Spaceships/Prefabs/12.3.prefab using Guid(3376ecc940ab6e548a76a56a5b6c48ce) Importer(2089858483,0ecaa5967403d082aa24f35e1b516d23) Generated GUIDs only implemented for interfaces!
 -> (artifact id: '186e44893dad8d10fef2a3dd594bba1c') in 0.012959 seconds
Number of updated asset objects reloaded before import = 0
Number of asset objects unloaded after import = 8
========================================================================
Received Import Request.
  Time since last request: 0.000023 seconds.
  path: Assets/Treys/Spaceships/Prefabs/6.3.prefab
  artifactKey: Guid(72dc4f7f63f4f484f99c7ec75dd94b41) Importer(2089858483,0ecaa5967403d082aa24f35e1b516d23)
Start importing Assets/Treys/Spaceships/Prefabs/6.3.prefab using Guid(72dc4f7f63f4f484f99c7ec75dd94b41) Importer(2089858483,0ecaa5967403d082aa24f35e1b516d23) Generated GUIDs only implemented for interfaces!
 -> (artifact id: '41a4374f8fef986e4526dc547ded1068') in 0.016690 seconds
Number of updated asset objects reloaded before import = 0
Number of asset objects unloaded after import = 8
========================================================================
Received Import Request.
  Time since last request: 0.000062 seconds.
  path: Assets/Treys/Spaceships/Prefabs/6.4.prefab
  artifactKey: Guid(848d068fd78caf24eacc82ca673b8d89) Importer(2089858483,0ecaa5967403d082aa24f35e1b516d23)
Start importing Assets/Treys/Spaceships/Prefabs/6.4.prefab using Guid(848d068fd78caf24eacc82ca673b8d89) Importer(2089858483,0ecaa5967403d082aa24f35e1b516d23) Generated GUIDs only implemented for interfaces!
 -> (artifact id: '1068063ccad22df8888e2f533766ee63') in 0.020577 seconds
Number of updated asset objects reloaded before import = 0
Number of asset objects unloaded after import = 8
========================================================================
Received Import Request.
  Time since last request: 0.000041 seconds.
  path: Assets/Treys/Spaceships/Prefabs/10.5.prefab
  artifactKey: Guid(9acebd848c5e80240a98c64dcef3d2ae) Importer(2089858483,0ecaa5967403d082aa24f35e1b516d23)
Start importing Assets/Treys/Spaceships/Prefabs/10.5.prefab using Guid(9acebd848c5e80240a98c64dcef3d2ae) Importer(2089858483,0ecaa5967403d082aa24f35e1b516d23) Generated GUIDs only implemented for interfaces!
 -> (artifact id: '6afe22dbc604a9ed7a4fb75e5b997d8a') in 0.018061 seconds
Number of updated asset objects reloaded before import = 0
Number of asset objects unloaded after import = 8
========================================================================
Received Import Request.
  Time since last request: 0.000049 seconds.
  path: Assets/Treys/Spaceships/Prefabs/1.4.prefab
  artifactKey: Guid(a086ec1eb3b77a842acf8337b9e73d0e) Importer(2089858483,0ecaa5967403d082aa24f35e1b516d23)
Start importing Assets/Treys/Spaceships/Prefabs/1.4.prefab using Guid(a086ec1eb3b77a842acf8337b9e73d0e) Importer(2089858483,0ecaa5967403d082aa24f35e1b516d23) Generated GUIDs only implemented for interfaces!
 -> (artifact id: '634c198740af907af571417cb315c3c7') in 0.016353 seconds
Number of updated asset objects reloaded before import = 0
Number of asset objects unloaded after import = 8
========================================================================
Received Import Request.
  Time since last request: 0.000021 seconds.
  path: Assets/Treys/Spaceships/Prefabs/2.5.prefab
  artifactKey: Guid(7cc8fd4288fdcbc4db93fc5f41b3e97b) Importer(2089858483,0ecaa5967403d082aa24f35e1b516d23)
Start importing Assets/Treys/Spaceships/Prefabs/2.5.prefab using Guid(7cc8fd4288fdcbc4db93fc5f41b3e97b) Importer(2089858483,0ecaa5967403d082aa24f35e1b516d23) Generated GUIDs only implemented for interfaces!
 -> (artifact id: '353ca9019ed9648e91b83712d252e068') in 0.013025 seconds
Number of updated asset objects reloaded before import = 0
Number of asset objects unloaded after import = 8
========================================================================
Received Import Request.
  Time since last request: 0.000017 seconds.
  path: Assets/Treys/Spaceships/Prefabs/7.3.prefab
  artifactKey: Guid(fc450f02108606547968dc9d58abd4ee) Importer(2089858483,0ecaa5967403d082aa24f35e1b516d23)
Start importing Assets/Treys/Spaceships/Prefabs/7.3.prefab using Guid(fc450f02108606547968dc9d58abd4ee) Importer(2089858483,0ecaa5967403d082aa24f35e1b516d23) Generated GUIDs only implemented for interfaces!
 -> (artifact id: '18941a32a99da4c57e8b10fd9cb24213') in 0.016079 seconds
Number of updated asset objects reloaded before import = 0
Number of asset objects unloaded after import = 8
========================================================================
Received Import Request.
  Time since last request: 0.000013 seconds.
  path: Assets/Treys/Spaceships/Meshes/8.4.fbx
  artifactKey: Guid(2c0d9ef7bb948ad46a56bab348bf1312) Importer(2089858483,0ecaa5967403d082aa24f35e1b516d23)
Start importing Assets/Treys/Spaceships/Meshes/8.4.fbx using Guid(2c0d9ef7bb948ad46a56bab348bf1312) Importer(2089858483,0ecaa5967403d082aa24f35e1b516d23) Generated GUIDs only implemented for interfaces!
 -> (artifact id: '426fe9fd72727bb5f12e33ab64fae557') in 0.024299 seconds
Number of updated asset objects reloaded before import = 0
Number of asset objects unloaded after import = 8
========================================================================
Received Import Request.
  Time since last request: 0.000016 seconds.
  path: Assets/Treys/Spaceships/Meshes/12.4.fbx
  artifactKey: Guid(885b97de43da7484185b1f50b9c82a4c) Importer(2089858483,0ecaa5967403d082aa24f35e1b516d23)
Start importing Assets/Treys/Spaceships/Meshes/12.4.fbx using Guid(885b97de43da7484185b1f50b9c82a4c) Importer(2089858483,0ecaa5967403d082aa24f35e1b516d23) Generated GUIDs only implemented for interfaces!
 -> (artifact id: '8ab78838702dbc5e8288f144a574a2d3') in 0.022748 seconds
Number of updated asset objects reloaded before import = 0
Number of asset objects unloaded after import = 8
========================================================================
Received Import Request.
  Time since last request: 0.000034 seconds.
  path: Assets/Standard Assets/CrossPlatformInput/Sprites/TouchpadSprite.png
  artifactKey: Guid(e4f1fee3de32377429fd1348fae62b10) Importer(2089858483,0ecaa5967403d082aa24f35e1b516d23)
Start importing Assets/Standard Assets/CrossPlatformInput/Sprites/TouchpadSprite.png using Guid(e4f1fee3de32377429fd1348fae62b10) Importer(2089858483,0ecaa5967403d082aa24f35e1b516d23) Generated GUIDs only implemented for interfaces!
 -> (artifact id: '112209a2f03ad8aa829ccf5f657aeeb1') in 0.036742 seconds
Number of updated asset objects reloaded before import = 0
Number of asset objects unloaded after import = 3
========================================================================
Received Import Request.
  Time since last request: 0.000021 seconds.
  path: Assets/Treys/Spaceships/Meshes/13.3.fbx
  artifactKey: Guid(6c57f3b0437027d43aa7edaee7337cee) Importer(2089858483,0ecaa5967403d082aa24f35e1b516d23)
Start importing Assets/Treys/Spaceships/Meshes/13.3.fbx using Guid(6c57f3b0437027d43aa7edaee7337cee) Importer(2089858483,0ecaa5967403d082aa24f35e1b516d23) Generated GUIDs only implemented for interfaces!
 -> (artifact id: 'b1685ef92c98f66e819c91b3198b8dc2') in 0.027654 seconds
Number of updated asset objects reloaded before import = 0
Number of asset objects unloaded after import = 8
========================================================================
Received Import Request.
  Time since last request: 0.000027 seconds.
  path: Assets/Standard Assets/CrossPlatformInput/Sprites/ButtonTimescaleFullUpSprite.png
  artifactKey: Guid(0c6271a290ef75b4c97d58746c86c5b8) Importer(2089858483,0ecaa5967403d082aa24f35e1b516d23)
Start importing Assets/Standard Assets/CrossPlatformInput/Sprites/ButtonTimescaleFullUpSprite.png using Guid(0c6271a290ef75b4c97d58746c86c5b8) Importer(2089858483,0ecaa5967403d082aa24f35e1b516d23) Generated GUIDs only implemented for interfaces!
 -> (artifact id: '115616bf2f855bcfb6b7bd5b59562e07') in 0.047162 seconds
Number of updated asset objects reloaded before import = 0
Number of asset objects unloaded after import = 3
========================================================================
Received Import Request.
  Time since last request: 0.000031 seconds.
  path: Assets/Treys/Spaceships/Meshes/11.1.fbx
  artifactKey: Guid(a6b26951405ac6946ac714fb32bce306) Importer(2089858483,0ecaa5967403d082aa24f35e1b516d23)
Start importing Assets/Treys/Spaceships/Meshes/11.1.fbx using Guid(a6b26951405ac6946ac714fb32bce306) Importer(2089858483,0ecaa5967403d082aa24f35e1b516d23) Generated GUIDs only implemented for interfaces!
 -> (artifact id: 'a5dae471a69679f072385987a77c7597') in 0.025829 seconds
Number of updated asset objects reloaded before import = 0
Number of asset objects unloaded after import = 8
========================================================================
Received Import Request.
  Time since last request: 0.000027 seconds.
  path: Assets/Customizable Skybox/Model/Materials/darken leafs.mat
  artifactKey: Guid(d35ea29c48c3e1944a4f03cab15e36c2) Importer(2089858483,0ecaa5967403d082aa24f35e1b516d23)
Start importing Assets/Customizable Skybox/Model/Materials/darken leafs.mat using Guid(d35ea29c48c3e1944a4f03cab15e36c2) Importer(2089858483,0ecaa5967403d082aa24f35e1b516d23) Generated GUIDs only implemented for interfaces!
 -> (artifact id: '4581dce4573a06eda2a53d5b32bc46c4') in 0.012009 seconds
Number of updated asset objects reloaded before import = 0
Number of asset objects unloaded after import = 1
========================================================================
Received Import Request.
  Time since last request: 0.000017 seconds.
  path: Assets/Blink/Art/Textures/Demo/StylizedFREETexturesDEMO/LightingData.asset
  artifactKey: Guid(ce8452ce28bcb274892c52cea06abc18) Importer(2089858483,0ecaa5967403d082aa24f35e1b516d23)
Start importing Assets/Blink/Art/Textures/Demo/StylizedFREETexturesDEMO/LightingData.asset using Guid(ce8452ce28bcb274892c52cea06abc18) Importer(2089858483,0ecaa5967403d082aa24f35e1b516d23) Lighting data asset LightingData is incompatible with the current Unity version because the scene it was baked for was not serialized. Please use Generate Lighting to rebuild the lighting data, or assign the target scene to the Lighting Data Asset in the inspector.
UnityEngine.StackTraceUtility:ExtractStackTrace ()
UnityEditor.Search.AssetIndexer:IndexProperties (int&,string&,bool&)
UnityEditor.Search.AssetIndexer:IndexDocument (string,bool)
UnityEditor.Search.SearchIndexEntryImporter:OnImportAsset (UnityEditor.AssetImporters.AssetImportContext)
UnityEditor.AssetImporters.ScriptedImporter:GenerateAssetData (UnityEditor.AssetImporters.AssetImportContext)

[C:\build\output\unity\unity\Editor\Src\GI\Enlighten\LightingDataAsset.cpp line 424]

Generated GUIDs only implemented for interfaces!
 -> (artifact id: '009851962788c96b60b40c8ab4bec45a') in 0.011598 seconds
Number of updated asset objects reloaded before import = 0
Number of asset objects unloaded after import = 1
========================================================================
Received Import Request.
  Time since last request: 0.000019 seconds.
  path: Assets/Blink/Art/Textures/StylizedForestTextures/Grass_Mud/Grass_Mud_Basecolor.png
  artifactKey: Guid(a0c9a9da0e140d04ca2943dc740bae2f) Importer(2089858483,0ecaa5967403d082aa24f35e1b516d23)
Start importing Assets/Blink/Art/Textures/StylizedForestTextures/Grass_Mud/Grass_Mud_Basecolor.png using Guid(a0c9a9da0e140d04ca2943dc740bae2f) Importer(2089858483,0ecaa5967403d082aa24f35e1b516d23) Generated GUIDs only implemented for interfaces!
 -> (artifact id: 'c5b724019dd12d50925373393c3ccbdc') in 0.044059 seconds
Number of updated asset objects reloaded before import = 0
Number of asset objects unloaded after import = 1
========================================================================
Received Import Request.
  Time since last request: 0.000086 seconds.
  path: Assets/Blink/Art/Textures/StylizedIceTextures/Ice_3/Ice_3_BaseColor.png
  artifactKey: Guid(31304de642609274a83c36feb4e2d11f) Importer(2089858483,0ecaa5967403d082aa24f35e1b516d23)
Start importing Assets/Blink/Art/Textures/StylizedIceTextures/Ice_3/Ice_3_BaseColor.png using Guid(31304de642609274a83c36feb4e2d11f) Importer(2089858483,0ecaa5967403d082aa24f35e1b516d23) Generated GUIDs only implemented for interfaces!
 -> (artifact id: 'ae41c20bb62ef4f4e615c0bf763190ae') in 0.045445 seconds
Number of updated asset objects reloaded before import = 0
Number of asset objects unloaded after import = 1
========================================================================
Received Import Request.
  Time since last request: 0.000037 seconds.
  path: Assets/Blink/Art/Textures/StylizedLavaTextures/Dry_Lava/Dry_Lava_Roughness.png
  artifactKey: Guid(84b28b415ee7a9046b485c8b4eb5a999) Importer(2089858483,0ecaa5967403d082aa24f35e1b516d23)
Start importing Assets/Blink/Art/Textures/StylizedLavaTextures/Dry_Lava/Dry_Lava_Roughness.png using Guid(84b28b415ee7a9046b485c8b4eb5a999) Importer(2089858483,0ecaa5967403d082aa24f35e1b516d23) Generated GUIDs only implemented for interfaces!
 -> (artifact id: 'c02d205b53a138d0bf27f2d2212aabc7') in 0.047966 seconds
Number of updated asset objects reloaded before import = 0
Number of asset objects unloaded after import = 1
========================================================================
Received Import Request.
  Time since last request: 0.000026 seconds.
  path: Assets/Blink/Art/Textures/StylizedIceTextures/Snow_4/Snow_4_AmbientOcclusion.png
  artifactKey: Guid(aa947cc916ecaa14ea899b1352d57a83) Importer(2089858483,0ecaa5967403d082aa24f35e1b516d23)
Start importing Assets/Blink/Art/Textures/StylizedIceTextures/Snow_4/Snow_4_AmbientOcclusion.png using Guid(aa947cc916ecaa14ea899b1352d57a83) Importer(2089858483,0ecaa5967403d082aa24f35e1b516d23) Generated GUIDs only implemented for interfaces!
 -> (artifact id: '642155b67b69594d704c0a1b26a8c4d9') in 0.046860 seconds
Number of updated asset objects reloaded before import = 0
Number of asset objects unloaded after import = 1
========================================================================
Received Import Request.
  Time since last request: 0.000036 seconds.
  path: Assets/Blink/Art/Textures/StylizedForestTextures/Grass_Mud/Grass_Mud_Roughness.png
  artifactKey: Guid(f6813a2d2e429bc4db4e8e4c7858f7c6) Importer(2089858483,0ecaa5967403d082aa24f35e1b516d23)
Start importing Assets/Blink/Art/Textures/StylizedForestTextures/Grass_Mud/Grass_Mud_Roughness.png using Guid(f6813a2d2e429bc4db4e8e4c7858f7c6) Importer(2089858483,0ecaa5967403d082aa24f35e1b516d23) Generated GUIDs only implemented for interfaces!
 -> (artifact id: '6a1fb93bbd23fa3f6e8588214648b566') in 0.047088 seconds
Number of updated asset objects reloaded before import = 0
Number of asset objects unloaded after import = 1
========================================================================
Received Import Request.
  Time since last request: 0.000027 seconds.
  path: Assets/Blink/Art/Textures/StylizedDesertTextures/Rocks_1_Sand_3/Rocks_1_Sand_3_AmbientOcclusion.png
  artifactKey: Guid(aa9d3601a6bd8354190cf1f4611111d0) Importer(2089858483,0ecaa5967403d082aa24f35e1b516d23)
Start importing Assets/Blink/Art/Textures/StylizedDesertTextures/Rocks_1_Sand_3/Rocks_1_Sand_3_AmbientOcclusion.png using Guid(aa9d3601a6bd8354190cf1f4611111d0) Importer(2089858483,0ecaa5967403d082aa24f35e1b516d23) Generated GUIDs only implemented for interfaces!
 -> (artifact id: 'babc4e28b4ba11362d864c1b6e270f3e') in 0.046182 seconds
Number of updated asset objects reloaded before import = 0
Number of asset objects unloaded after import = 1
========================================================================
Received Import Request.
  Time since last request: 0.000030 seconds.
  path: Assets/Blink/Art/Textures/StylizedLavaTextures/Dry_Lava/Dry_Lava.terrainlayer
  artifactKey: Guid(e932c33262f09ab49b16794809b28365) Importer(2089858483,0ecaa5967403d082aa24f35e1b516d23)
Start importing Assets/Blink/Art/Textures/StylizedLavaTextures/Dry_Lava/Dry_Lava.terrainlayer using Guid(e932c33262f09ab49b16794809b28365) Importer(2089858483,0ecaa5967403d082aa24f35e1b516d23) Generated GUIDs only implemented for interfaces!
 -> (artifact id: 'cd26c9ff8c123e5196c6e083ab630b72') in 0.033609 seconds
Number of updated asset objects reloaded before import = 0
Number of asset objects unloaded after import = 3
========================================================================
Received Import Request.
  Time since last request: 0.000022 seconds.
  path: Assets/Blink/Art/Textures/StylizedLavaTextures/Rock_Ground_Cliff_1/Rock_Ground_Cliff_1_BaseColor.png
  artifactKey: Guid(7f00d79e8f56b1b47b2b2f34c1d22cf6) Importer(2089858483,0ecaa5967403d082aa24f35e1b516d23)
Start importing Assets/Blink/Art/Textures/StylizedLavaTextures/Rock_Ground_Cliff_1/Rock_Ground_Cliff_1_BaseColor.png using Guid(7f00d79e8f56b1b47b2b2f34c1d22cf6) Importer(2089858483,0ecaa5967403d082aa24f35e1b516d23) Generated GUIDs only implemented for interfaces!
 -> (artifact id: '425d2065127690cbab3ff8b5f7d7a9e8') in 0.026952 seconds
Number of updated asset objects reloaded before import = 0
Number of asset objects unloaded after import = 1
========================================================================
Received Import Request.
  Time since last request: 0.000022 seconds.
  path: Assets/Treys/Spaceships/Prefabs/8.3.prefab
  artifactKey: Guid(dfa0ffded8acc8c47b5c47fd6f8ec232) Importer(2089858483,0ecaa5967403d082aa24f35e1b516d23)
Start importing Assets/Treys/Spaceships/Prefabs/8.3.prefab using Guid(dfa0ffded8acc8c47b5c47fd6f8ec232) Importer(2089858483,0ecaa5967403d082aa24f35e1b516d23) Generated GUIDs only implemented for interfaces!
 -> (artifact id: '7fb7f5c68a832a5a45f421e12b0a2165') in 0.017546 seconds
Number of updated asset objects reloaded before import = 0
Number of asset objects unloaded after import = 8
========================================================================
Received Import Request.
  Time since last request: 0.000028 seconds.
  path: Assets/Blink/Art/Textures/StylizedForestTextures/Grass_Mud/Grass_Mud_Ambientocclusion.png
  artifactKey: Guid(c4835cf16d7f572499c6cff86001ec3c) Importer(2089858483,0ecaa5967403d082aa24f35e1b516d23)
Start importing Assets/Blink/Art/Textures/StylizedForestTextures/Grass_Mud/Grass_Mud_Ambientocclusion.png using Guid(c4835cf16d7f572499c6cff86001ec3c) Importer(2089858483,0ecaa5967403d082aa24f35e1b516d23) Generated GUIDs only implemented for interfaces!
 -> (artifact id: '1af0c7f9d36460296f1acf4b571fe9b4') in 0.035965 seconds
Number of updated asset objects reloaded before import = 0
Number of asset objects unloaded after import = 1
========================================================================
Received Import Request.
  Time since last request: 0.000026 seconds.
  path: Assets/Blink/Art/Textures/StylizedIceTextures/Snow_4/Snow_4_Normal.png
  artifactKey: Guid(25e8404e9d20aee479318ba8737bee01) Importer(2089858483,0ecaa5967403d082aa24f35e1b516d23)
Start importing Assets/Blink/Art/Textures/StylizedIceTextures/Snow_4/Snow_4_Normal.png using Guid(25e8404e9d20aee479318ba8737bee01) Importer(2089858483,0ecaa5967403d082aa24f35e1b516d23) Generated GUIDs only implemented for interfaces!
 -> (artifact id: 'ce84c3b4b813a13ada84e0ffa50cfce2') in 0.035505 seconds
Number of updated asset objects reloaded before import = 0
Number of asset objects unloaded after import = 1
========================================================================
Received Import Request.
  Time since last request: 0.000051 seconds.
  path: Assets/Blink/Art/Textures/StylizedIceTextures/Ice_3/Ice_3_AmbientOcclusion.png
  artifactKey: Guid(806a1047ef08a9846b260b7699b97aef) Importer(2089858483,0ecaa5967403d082aa24f35e1b516d23)
Start importing Assets/Blink/Art/Textures/StylizedIceTextures/Ice_3/Ice_3_AmbientOcclusion.png using Guid(806a1047ef08a9846b260b7699b97aef) Importer(2089858483,0ecaa5967403d082aa24f35e1b516d23) Generated GUIDs only implemented for interfaces!
 -> (artifact id: '833837fce9e44dc2fe3a93b761d28f63') in 0.044408 seconds
Number of updated asset objects reloaded before import = 0
Number of asset objects unloaded after import = 1
========================================================================
Received Import Request.
  Time since last request: 0.000025 seconds.
  path: Assets/Treys/Spaceships/Prefabs/9.5.prefab
  artifactKey: Guid(433d8a2e5f58efd488f42dcc16cece8c) Importer(2089858483,0ecaa5967403d082aa24f35e1b516d23)
Start importing Assets/Treys/Spaceships/Prefabs/9.5.prefab using Guid(433d8a2e5f58efd488f42dcc16cece8c) Importer(2089858483,0ecaa5967403d082aa24f35e1b516d23) Generated GUIDs only implemented for interfaces!
 -> (artifact id: '91175f240a40fac3ef24c86be328bb07') in 0.018427 seconds
Number of updated asset objects reloaded before import = 0
Number of asset objects unloaded after import = 8
========================================================================
Received Import Request.
  Time since last request: 0.000028 seconds.
  path: Assets/Blink/Art/Textures/StylizedDesertTextures/Rocks_1_Sand_3/Rocks_1_Sand_3_Height.png
  artifactKey: Guid(4d09fee64dc0ae14d9a1c435d0535aed) Importer(2089858483,0ecaa5967403d082aa24f35e1b516d23)
Start importing Assets/Blink/Art/Textures/StylizedDesertTextures/Rocks_1_Sand_3/Rocks_1_Sand_3_Height.png using Guid(4d09fee64dc0ae14d9a1c435d0535aed) Importer(2089858483,0ecaa5967403d082aa24f35e1b516d23) Generated GUIDs only implemented for interfaces!
 -> (artifact id: '8ef603bab8a29134766447e9ebbea114') in 0.042378 seconds
Number of updated asset objects reloaded before import = 0
Number of asset objects unloaded after import = 1
========================================================================
Received Import Request.
  Time since last request: 0.000023 seconds.
  path: Assets/Blink/Art/Textures/StylizedDesertTextures/Sand_1/Sand_1_Roughness.png
  artifactKey: Guid(8d31fec5a17b19f47a1604a1d00f562a) Importer(2089858483,0ecaa5967403d082aa24f35e1b516d23)
Start importing Assets/Blink/Art/Textures/StylizedDesertTextures/Sand_1/Sand_1_Roughness.png using Guid(8d31fec5a17b19f47a1604a1d00f562a) Importer(2089858483,0ecaa5967403d082aa24f35e1b516d23) Generated GUIDs only implemented for interfaces!
 -> (artifact id: '6c0abcf01f13021c0fd156f133dad010') in 0.030599 seconds
Number of updated asset objects reloaded before import = 0
Number of asset objects unloaded after import = 1
========================================================================
Received Import Request.
  Time since last request: 0.000025 seconds.
  path: Assets/Blink/Art/Textures/StylizedDesertTextures/Rocks_1_Sand_3/Rocks_1_Sand_3_Roughness.png
  artifactKey: Guid(b288bd1ea5f52d0449434b7ddea40cf2) Importer(2089858483,0ecaa5967403d082aa24f35e1b516d23)
Start importing Assets/Blink/Art/Textures/StylizedDesertTextures/Rocks_1_Sand_3/Rocks_1_Sand_3_Roughness.png using Guid(b288bd1ea5f52d0449434b7ddea40cf2) Importer(2089858483,0ecaa5967403d082aa24f35e1b516d23) Generated GUIDs only implemented for interfaces!
 -> (artifact id: 'f76cc406c53d028679cefefedadb54e6') in 0.036504 seconds
Number of updated asset objects reloaded before import = 0
Number of asset objects unloaded after import = 1
========================================================================
Received Import Request.
  Time since last request: 0.000021 seconds.
  path: Assets/Treys/Spaceships/Prefabs/9.4.prefab
  artifactKey: Guid(1cc06d81508321541980f26dc5045697) Importer(2089858483,0ecaa5967403d082aa24f35e1b516d23)
Start importing Assets/Treys/Spaceships/Prefabs/9.4.prefab using Guid(1cc06d81508321541980f26dc5045697) Importer(2089858483,0ecaa5967403d082aa24f35e1b516d23) Generated GUIDs only implemented for interfaces!
 -> (artifact id: 'b83f8da7ce27f02c94a5a18a0a817d22') in 0.013239 seconds
Number of updated asset objects reloaded before import = 0
Number of asset objects unloaded after import = 8
========================================================================
Received Import Request.
  Time since last request: 0.000017 seconds.
  path: Assets/Standard Assets/CrossPlatformInput/Scripts/PlatformSpecific/MobileInput.cs
  artifactKey: Guid(9703d53e47195aa4190acd11369ccd1b) Importer(2089858483,0ecaa5967403d082aa24f35e1b516d23)
Start importing Assets/Standard Assets/CrossPlatformInput/Scripts/PlatformSpecific/MobileInput.cs using Guid(9703d53e47195aa4190acd11369ccd1b) Importer(2089858483,0ecaa5967403d082aa24f35e1b516d23) Generated GUIDs only implemented for interfaces!
 -> (artifact id: '4f5268eeaac8ef41a2e96b9102a222dd') in 0.005898 seconds
Number of updated asset objects reloaded before import = 0
Number of asset objects unloaded after import = 1
========================================================================
Received Import Request.
  Time since last request: 0.000015 seconds.
  path: Assets/Blink/Art/Textures/StylizedDesertTextures/Rocks_1_Sand_3/Rock_1_Sand_3.mat
  artifactKey: Guid(ce3f0d46186f9384ab5a022a44a4082e) Importer(2089858483,0ecaa5967403d082aa24f35e1b516d23)
Start importing Assets/Blink/Art/Textures/StylizedDesertTextures/Rocks_1_Sand_3/Rock_1_Sand_3.mat using Guid(ce3f0d46186f9384ab5a022a44a4082e) Importer(2089858483,0ecaa5967403d082aa24f35e1b516d23) Generated GUIDs only implemented for interfaces!
 -> (artifact id: 'e0d775d7d694f0004f521da06c640128') in 0.055209 seconds
Number of updated asset objects reloaded before import = 0
Number of asset objects unloaded after import = 5
========================================================================
Received Import Request.
  Time since last request: 0.000055 seconds.
  path: Assets/Blink/Art/Textures/StylizedLavaTextures/Dry_Lava/Dry_Lava_AmbientOcclusion.png
  artifactKey: Guid(e38f6cb631113bd4aae7b02113c7cfd3) Importer(2089858483,0ecaa5967403d082aa24f35e1b516d23)
Start importing Assets/Blink/Art/Textures/StylizedLavaTextures/Dry_Lava/Dry_Lava_AmbientOcclusion.png using Guid(e38f6cb631113bd4aae7b02113c7cfd3) Importer(2089858483,0ecaa5967403d082aa24f35e1b516d23) Generated GUIDs only implemented for interfaces!
 -> (artifact id: 'fe0a5e345ea1fd205d4b68a5fb95ca92') in 0.042083 seconds
Number of updated asset objects reloaded before import = 0
Number of asset objects unloaded after import = 1
========================================================================
Received Import Request.
  Time since last request: 0.000037 seconds.
  path: Assets/Blink/Art/Textures/StylizedIceTextures/Ice_3/Ice_3_Roughness.png
  artifactKey: Guid(f42ab3c4d06bba743a46899b6db2b897) Importer(2089858483,0ecaa5967403d082aa24f35e1b516d23)
Start importing Assets/Blink/Art/Textures/StylizedIceTextures/Ice_3/Ice_3_Roughness.png using Guid(f42ab3c4d06bba743a46899b6db2b897) Importer(2089858483,0ecaa5967403d082aa24f35e1b516d23) Generated GUIDs only implemented for interfaces!
 -> (artifact id: '888bf4333bbe36a244ecc80785749969') in 0.046693 seconds
Number of updated asset objects reloaded before import = 0
Number of asset objects unloaded after import = 1
========================================================================
Received Import Request.
  Time since last request: 0.000048 seconds.
  path: Assets/Blink/Art/Textures/StylizedIceTextures/Snow_4/Snow_4_Height.png
  artifactKey: Guid(77426d526ef7ac242a9a03bbcc6e94c1) Importer(2089858483,0ecaa5967403d082aa24f35e1b516d23)
Start importing Assets/Blink/Art/Textures/StylizedIceTextures/Snow_4/Snow_4_Height.png using Guid(77426d526ef7ac242a9a03bbcc6e94c1) Importer(2089858483,0ecaa5967403d082aa24f35e1b516d23) Generated GUIDs only implemented for interfaces!
 -> (artifact id: '2a7f83b8ebc9c1c21306073bcd8d967d') in 0.049252 seconds
Number of updated asset objects reloaded before import = 0
Number of asset objects unloaded after import = 1
========================================================================
Received Import Request.
  Time since last request: 0.000032 seconds.
  path: Assets/Treys/Spaceships/Prefabs/7.5.prefab
  artifactKey: Guid(beea28c2a20a7da49ad215255865d862) Importer(2089858483,0ecaa5967403d082aa24f35e1b516d23)
Start importing Assets/Treys/Spaceships/Prefabs/7.5.prefab using Guid(beea28c2a20a7da49ad215255865d862) Importer(2089858483,0ecaa5967403d082aa24f35e1b516d23) Generated GUIDs only implemented for interfaces!
 -> (artifact id: 'f2e68f07a7746ad378199c677a4507f1') in 0.015644 seconds
Number of updated asset objects reloaded before import = 0
Number of asset objects unloaded after import = 8
========================================================================
Received Import Request.
  Time since last request: 0.000044 seconds.
  path: Assets/Blink/Art/Textures/StylizedForestTextures/Grass_Mud/Grass_Mud.mat
  artifactKey: Guid(aa687d57e9cbd134b8545550b4ab507c) Importer(2089858483,0ecaa5967403d082aa24f35e1b516d23)
Start importing Assets/Blink/Art/Textures/StylizedForestTextures/Grass_Mud/Grass_Mud.mat using Guid(aa687d57e9cbd134b8545550b4ab507c) Importer(2089858483,0ecaa5967403d082aa24f35e1b516d23) Generated GUIDs only implemented for interfaces!
 -> (artifact id: 'c0d3dfcfc20b2a5ceb0d8f6c8c118406') in 0.037622 seconds
Number of updated asset objects reloaded before import = 0
Number of asset objects unloaded after import = 5
========================================================================
Received Import Request.
  Time since last request: 0.000043 seconds.
  path: Assets/Customizable Skybox/Materials/green tree.mat
  artifactKey: Guid(162ad232b242eb042b91b10dc755c486) Importer(2089858483,0ecaa5967403d082aa24f35e1b516d23)
Start importing Assets/Customizable Skybox/Materials/green tree.mat using Guid(162ad232b242eb042b91b10dc755c486) Importer(2089858483,0ecaa5967403d082aa24f35e1b516d23) Generated GUIDs only implemented for interfaces!
 -> (artifact id: '2129bc0e0b24de16b5680a1f7b583a41') in 0.013097 seconds
Number of updated asset objects reloaded before import = 0
Number of asset objects unloaded after import = 1
========================================================================
Received Import Request.
  Time since last request: 0.000045 seconds.
  path: Assets/Treys/Spaceships/Prefabs/10.1.prefab
  artifactKey: Guid(291b42fb06ae864409a7a9bda68067d5) Importer(2089858483,0ecaa5967403d082aa24f35e1b516d23)
Start importing Assets/Treys/Spaceships/Prefabs/10.1.prefab using Guid(291b42fb06ae864409a7a9bda68067d5) Importer(2089858483,0ecaa5967403d082aa24f35e1b516d23) Generated GUIDs only implemented for interfaces!
 -> (artifact id: '355414535790a8c45149f8bc73c58095') in 0.014007 seconds
Number of updated asset objects reloaded before import = 0
Number of asset objects unloaded after import = 8
========================================================================
Received Import Request.
  Time since last request: 0.000026 seconds.
  path: Assets/Treys/Spaceships/Meshes/10.2.fbx
  artifactKey: Guid(708f25a6f752ea04eb8ead8d475335f7) Importer(2089858483,0ecaa5967403d082aa24f35e1b516d23)
Start importing Assets/Treys/Spaceships/Meshes/10.2.fbx using Guid(708f25a6f752ea04eb8ead8d475335f7) Importer(2089858483,0ecaa5967403d082aa24f35e1b516d23) Generated GUIDs only implemented for interfaces!
 -> (artifact id: '6f8ae90d70549c47bccd495470f8609a') in 0.029115 seconds
Number of updated asset objects reloaded before import = 0
Number of asset objects unloaded after import = 8
========================================================================
Received Import Request.
  Time since last request: 0.000025 seconds.
  path: Assets/Customizable Skybox/Model/Materials/pine tree green.mat
  artifactKey: Guid(b67fe0ad79964244383e7633743fcc6b) Importer(2089858483,0ecaa5967403d082aa24f35e1b516d23)
Start importing Assets/Customizable Skybox/Model/Materials/pine tree green.mat using Guid(b67fe0ad79964244383e7633743fcc6b) Importer(2089858483,0ecaa5967403d082aa24f35e1b516d23) Generated GUIDs only implemented for interfaces!
 -> (artifact id: 'd350b95b4e33377195b73a3578e5c8f0') in 0.009306 seconds
Number of updated asset objects reloaded before import = 0
Number of asset objects unloaded after import = 1
========================================================================
Received Import Request.
  Time since last request: 0.000024 seconds.
  path: Assets/Treys/Spaceships/Meshes/1.3.fbx
  artifactKey: Guid(27eaa223735c9e64caa98cb7b2945c26) Importer(2089858483,0ecaa5967403d082aa24f35e1b516d23)
Start importing Assets/Treys/Spaceships/Meshes/1.3.fbx using Guid(27eaa223735c9e64caa98cb7b2945c26) Importer(2089858483,0ecaa5967403d082aa24f35e1b516d23) Generated GUIDs only implemented for interfaces!
 -> (artifact id: '93c3545f354b2ba74f3a6b340a953370') in 0.028238 seconds
Number of updated asset objects reloaded before import = 0
Number of asset objects unloaded after import = 8
========================================================================
Received Import Request.
  Time since last request: 0.000037 seconds.
  path: Assets/Treys/Spaceships/Meshes/12.5.fbx
  artifactKey: Guid(566192bac79af2946af75503968b7e56) Importer(2089858483,0ecaa5967403d082aa24f35e1b516d23)
Start importing Assets/Treys/Spaceships/Meshes/12.5.fbx using Guid(566192bac79af2946af75503968b7e56) Importer(2089858483,0ecaa5967403d082aa24f35e1b516d23) Generated GUIDs only implemented for interfaces!
 -> (artifact id: '8fb5b656f034e96f9548a812cae1edb7') in 0.028623 seconds
Number of updated asset objects reloaded before import = 0
Number of asset objects unloaded after import = 8
========================================================================
Received Import Request.
  Time since last request: 0.000029 seconds.
  path: Assets/Standard Assets/CrossPlatformInput/Prefabs/MobileSingleStickControl.prefab
  artifactKey: Guid(9529ecc3d479da5499993355e6c2cb4f) Importer(2089858483,0ecaa5967403d082aa24f35e1b516d23)
Start importing Assets/Standard Assets/CrossPlatformInput/Prefabs/MobileSingleStickControl.prefab using Guid(9529ecc3d479da5499993355e6c2cb4f) Importer(2089858483,0ecaa5967403d082aa24f35e1b516d23) Generated GUIDs only implemented for interfaces!
 -> (artifact id: 'acab43e698347ee4f156ee9116b2f409') in 0.033873 seconds
Number of updated asset objects reloaded before import = 0
Number of asset objects unloaded after import = 27
========================================================================
Received Import Request.
  Time since last request: 0.000022 seconds.
  path: Assets/Customizable Skybox/Stylized Sky/Materials/Sunset5.mat
  artifactKey: Guid(baef7505b9e48404cb74585601f49ff9) Importer(2089858483,0ecaa5967403d082aa24f35e1b516d23)
Start importing Assets/Customizable Skybox/Stylized Sky/Materials/Sunset5.mat using Guid(baef7505b9e48404cb74585601f49ff9) Importer(2089858483,0ecaa5967403d082aa24f35e1b516d23) Generated GUIDs only implemented for interfaces!
 -> (artifact id: 'a36883aeaaf1f008ea67c2ea5fe3f418') in 0.012840 seconds
Number of updated asset objects reloaded before import = 0
Number of asset objects unloaded after import = 1
Editor requested this worker to shutdown with reason: Scaling down because of idle timeout
TcpMessagingSession - receive error: operation aborted. errorcode: 995, details: The I/O operation has been aborted because of either a thread exit or an application request.
AssetImportWorker is now disconnected from the server
Process exiting
Exiting without the bug reporter. Application will terminate with return code 0